{"name": "test_blank_input_search", "status": "failed", "statusDetails": {"message": "AssertionError: not currect text\nassert 'Please enter...search field.' == 'Please enter... search field'\n  \n  Skipping 38 identical leading characters in diff, use -v to show\n  - earch field\n  + earch field.\n  ?            +", "trace": "driver = <selenium.webdriver.chrome.webdriver.WebDriver (session=\"487fbcc742390689b0e03edb0745b314\")>\n\n    @pytest.mark.negative\n    def test_blank_input_search(driver):\n        main_page=BasePage(driver)\n        main_page.find_element_(SEARCH).clear()\n        main_page.click(GO_BUTTON)\n        element=main_page.find_element_(BLANK_SEARCH)\n>       assert element.text==blank_search_text ,  \"not currect text\"\nE       AssertionError: not currect text\nE       assert 'Please enter...search field.' == 'Please enter... search field'\nE         \nE         Skipping 38 identical leading characters in diff, use -v to show\nE         - earch field\nE         + earch field.\nE         ?            +\n\ntests\\test_ui.py:14: AssertionError"}, "start": 1741670261730, "stop": 1741670262264, "uuid": "5bd541e7-5912-4766-9548-a03af9f475ae", "historyId": "1d4a8c1f91085c75d29b6bd62192183e", "testCaseId": "1d4a8c1f91085c75d29b6bd62192183e", "fullName": "tests.test_ui#test_blank_input_search", "labels": [{"name": "tag", "value": "negative"}, {"name": "parentSuite", "value": "tests"}, {"name": "suite", "value": "test_ui"}, {"name": "host", "value": "MyPC"}, {"name": "thread", "value": "12928-MainThread"}, {"name": "framework", "value": "pytest"}, {"name": "language", "value": "cpython3"}, {"name": "package", "value": "tests.test_ui"}]}